[ERR!] cwd  : C:\Users\js8649\Documents\LichessAnalyse\LichessAnalysis
[ERR!] os   : Windows_NT 10.0.19042
[ERR!] argv : "C:\\Program Files\\nodejs\\node.exe" "C:\\Users\\js8649\\AppData\\Roaming\\npm\\node_modules\\tsd\\build\\cli.js" "install" "angular-chess"
[ERR!] node : v14.15.1
[ERR!] tsd  : 0.6.5
[ERR!] Error: primordials is not defined
[ERR!] CODE : undefined
[ERR!] primordials is not defined
[ERR!] If you need help, you may report this error at:
    https://github.com/DefinitelyTyped/tsd/issues

[ERR!] 
ReferenceError: primordials is not defined
    at fs.js:45:5
    at req_ (C:\Users\js8649\AppData\Roaming\npm\node_modules\tsd\node_modules\natives\index.js:143:24)
    at Object.req [as require] (C:\Users\js8649\AppData\Roaming\npm\node_modules\tsd\node_modules\natives\index.js:55:10)
    at Object.<anonymous> (C:\Users\js8649\AppData\Roaming\npm\node_modules\tsd\node_modules\graceful-fs\fs.js:1:37)
    at Module._compile (internal/modules/cjs/loader.js:1063:30)
    at Object.Module._extensions..js (internal/modules/cjs/loader.js:1092:10)
    at Module.load (internal/modules/cjs/loader.js:928:32)
    at Function.Module._load (internal/modules/cjs/loader.js:769:14)
    at Module.require (internal/modules/cjs/loader.js:952:19)
    at require (internal/modules/cjs/helpers.js:88:18)

[ERR!] tsd.json could not be retrieved

[ERR!] .tsdrc could not be retrieved

[ERR!] Please include the following file with any support request:
    C:\Users\js8649\Documents\LichessAnalyse\LichessAnalysis\tsd-debug.log

